C51 COMPILER V9.60.0.0   ULTRAS                                                            05/05/2022 21:24:45 PAGE 1   


C51 COMPILER V9.60.0.0, COMPILATION OF MODULE ULTRAS
OBJECT MODULE PLACED IN .\Objects\ultras.obj
COMPILER INVOKED BY: C:\Keil_v5\C51\BIN\C51.EXE ultras.c OPTIMIZE(8,SPEED) BROWSE DEBUG OBJECTEXTEND PRINT(.\Listings\ul
                    -tras.lst) TABS(2) OBJECT(.\Objects\ultras.obj)

line level    source

   1          #include<reg52.h> 
   2          #include<intrins.h>
   3          #define uchar unsigned char
   4          #define uint unsigned int
   5          
   6          sbit trig=P2^4;                  
   7          sbit echo=P2^5;                                        
   8          sbit dula=P2^6;                      
   9          sbit wela=P2^7;                                       
  10                 
  11          unsigned int time;
  12          unsigned long s;
  13          bit eflag=0;
  14          
  15          uchar code table_dula[]={0x3f,0x06,0x5b,0x4f,0x66,0x6d,0x7d,0x07,
  16                              0x7f,0x6f,0x77,0x7c,0x39,0x5e,0x79,0x71};
  17          uchar code table_wela[]={0xfe,0xfd,0xfb,0xf7,0xef,0xdf};
  18          
  19          void delayms(unsigned int xms);         
  20          void smgdisplay(uchar num,uchar loc);
  21          void start();
  22          void count();
  23          void display_loc();
  24          void run_ultrasonic();
  25          void Init_uart();
  26          void Init_timer();
  27          void Init();
  28          
  29          void smgdisplay(uchar num,uchar loc)
  30          {
  31   1            dula=1;
  32   1            P0=table_dula[num];
  33   1            dula=0;
  34   1            P0=0xff;  
  35   1            wela=1;
  36   1            P0=table_wela[loc];
  37   1            wela=0;
  38   1      }
  39          
  40          void start()                            //???????
  41          {   
  42   1          trig=1;                         
  43   1          _nop_();
  44   1          _nop_();
  45   1          _nop_();
  46   1          _nop_();
  47   1          _nop_();
  48   1          _nop_();
  49   1          _nop_();
  50   1          _nop_();
  51   1          _nop_();
  52   1          _nop_();
  53   1          _nop_();
  54   1          _nop_();
C51 COMPILER V9.60.0.0   ULTRAS                                                            05/05/2022 21:24:45 PAGE 2   

  55   1          trig=0;                  
  56   1      }
  57          
  58          void count()                            //????
  59          {   time=TH0*256+TL0;       
  60   1          s=time*1.7/100;               
  61   1          TH0=0x00;           
  62   1          TL0=0x00; 
  63   1      }
  64          
  65          void run_ultrasonic()
  66          {
  67   1          start();
  68   1          while(echo==0);
  69   1          TR0=1;         
  70   1          while((echo==1)||(eflag==1)); 
  71   1          TR0=0;
  72   1          eflag=0;
  73   1          count();         
  74   1          delayms(1);
  75   1          SBUF=s;
  76   1          while(TI==0);           //???TI????1
  77   1          TI = 0;                 //TI??0,??????? 
  78   1      }
  79          
  80          
  81          void Init_uart()                             //??
  82          {   
  83   1          TMOD |= 0x20;                       //?????1  
  84   1          TH1 = 0xFD;                         //???9600    
  85   1          TL1 = 0xFD;
  86   1          TR1 = 1;                            //?????
  87   1          REN = 1;                            //??????
  88   1          SM0 = 0;                            //???????1
  89   1          SM1 = 1;                            
  90   1          ES = 1;                             //??????
  91   1      }
  92          
  93          void Init_timer()
  94          {
  95   1          TMOD=0x01;         
  96   1          TH0=0x00;        
  97   1          TL0=0x00;        
  98   1          EA=1;            
  99   1          ET0=1;  
 100   1      }
 101          
 102          void Init()
 103          {
 104   1        Init_timer();
 105   1        Init_uart();
 106   1      }
 107          
 108          void main()
 109          {   
 110   1          Init(); 
 111   1          while(1)
 112   1          {
 113   2            smgdisplay(s,5);
 114   2            run_ultrasonic();
 115   2          }
 116   1      }
C51 COMPILER V9.60.0.0   ULTRAS                                                            05/05/2022 21:24:45 PAGE 3   

 117          void delayms(unsigned int xms)     
 118          { 
 119   1          unsigned int i,j;
 120   1          for(i=xms;i>0;i--)
 121   1              for(j=110;j>0;j--);
 122   1      }
 123          void InterruptTimer0() interrupt 1        
 124          {
 125   1        eflag=1;
 126   1      }
 127          


MODULE INFORMATION:   STATIC OVERLAYABLE
   CODE SIZE        =    228    ----
   CONSTANT SIZE    =     22    ----
   XDATA SIZE       =   ----    ----
   PDATA SIZE       =   ----    ----
   DATA SIZE        =      6    ----
   IDATA SIZE       =   ----    ----
   BIT SIZE         =      1    ----
END OF MODULE INFORMATION.


C51 COMPILATION COMPLETE.  0 WARNING(S),  0 ERROR(S)
