C51 COMPILER V9.60.0.0   INITIAL                                                           05/04/2022 22:07:12 PAGE 1   


C51 COMPILER V9.60.0.0, COMPILATION OF MODULE INITIAL
OBJECT MODULE PLACED IN .\Objects\initial.obj
COMPILER INVOKED BY: C:\Keil_v5\C51\BIN\C51.EXE initial.c OPTIMIZE(8,SPEED) BROWSE DEBUG OBJECTEXTEND PRINT(.\Listings\i
                    -nitial.lst) TABS(2) OBJECT(.\Objects\initial.obj)

line level    source

   1          #include "define_info.h"
   2          //define variables
   3          
   4          
   5          void initial_data()
   6          {
   7   1          smgduan=[0x3f,0x06,0x5b,0x4f,0x66,0x6d,0x7d,0x07,
*** ERROR C141 IN LINE 7 OF initial.c: syntax error near '[', expected 'sizeof'
   8   1                  0x7f,0x6f,0x77,0x7c,0x39,0x5e,0x79,0x71] ;
*** ERROR C141 IN LINE 8 OF initial.c: syntax error near ']', expected ';'
   9   1          
  10   1                  
  11   1                  
  12   1      }
  13                     
  14          void TimeInit(){
  15   1        TMOD=0x11;
  16   1        TH0=0;
  17   1        TL0=0;
  18   1        TH1=0xf8; //2ms
  19   1        TL1=0x30;
  20   1        EA=1;
  21   1        ET1=1;
  22   1        ET0=1;
  23   1        TR1=1;
  24   1        TR0=0;
  25   1      }

C51 COMPILATION COMPLETE.  0 WARNING(S),  2 ERROR(S)
