C51 COMPILER V9.60.0.0   MOTION_CONTROL                                                    05/04/2022 22:58:46 PAGE 1   


C51 COMPILER V9.60.0.0, COMPILATION OF MODULE MOTION_CONTROL
OBJECT MODULE PLACED IN .\Objects\motion_control.obj
COMPILER INVOKED BY: C:\Keil_v5\C51\BIN\C51.EXE motion_control.c OPTIMIZE(8,SPEED) BROWSE DEBUG OBJECTEXTEND PRINT(.\Lis
                    -tings\motion_control.lst) TABS(2) OBJECT(.\Objects\motion_control.obj)

line level    source

   1          #include "define_info.h"
   2          void delayms(uint xms)
   3          {
   4   1        uint i,j;
   5   1        for(i=xms;i>0;i--)
   6   1          for(j=110;j>0;j--);
   7   1      }
   8          void delay(uint x)
   9          {
  10   1        uint i,j;
  11   1        for(i=x;i>0;i--)
  12   1          for(j=10;j>0;j--);
  13   1      }
  14          void display(uchar num)
  15          {
  16   1        P0=table[num];
  17   1        dula=1;
  18   1        dula=0;
  19   1      }
  20          uchar matrixkeyscan()
  21          {
  22   1        uchar temp,key;  
  23   1        P3=0xfe;
  24   1        temp=P3;
  25   1        temp=temp&0xf0;
  26   1        if(temp!=0xf0)
  27   1        {
  28   2          delayms(10);
  29   2          temp=P3;
  30   2          temp=temp&0xf0;
  31   2          if(temp!=0xf0)
  32   2          {
  33   3            temp=P3;
  34   3            switch(temp)
  35   3            {
  36   4            case 0xee:
  37   4            //key=0;
  38   4            break;
  39   4      
  40   4            case 0xde:
  41   4            key=1;
  42   4            break;
  43   4      
  44   4            case 0xbe:
  45   4            //key=2;
  46   4            break;
  47   4       
  48   4            case 0x7e:
  49   4            //key=3;
  50   4          key=7;
  51   4            break;
  52   4            }
  53   3            while(temp!=0xf0)
  54   3            {
C51 COMPILER V9.60.0.0   MOTION_CONTROL                                                    05/04/2022 22:58:46 PAGE 2   

  55   4             temp=P3;
  56   4             temp=temp&0xf0;
  57   4            }
  58   3            display(key);
  59   3          }
  60   2        }
  61   1        P3=0xfd;
  62   1        temp=P3;
  63   1        temp=temp&0xf0;
  64   1        if(temp!=0xf0)
  65   1        {
  66   2          delayms(10);
  67   2          temp=P3;
  68   2          temp=temp&0xf0;
  69   2          if(temp!=0xf0)
  70   2          {
  71   3            temp=P3;
  72   3            switch(temp)
  73   3            {
  74   4            case 0xed:
  75   4            //key=4;
  76   4          key=3;
  77   4            break;
  78   4      
  79   4            case 0xdd:
  80   4            //key=5;
  81   4          key=2;
  82   4            break;
  83   4      
  84   4            case 0xbd:
  85   4            //key=6;
  86   4          key=4;
  87   4            break;
  88   4      
  89   4            case 0x7d:
  90   4            //key=7;
  91   4          key=8;
  92   4            break;
  93   4            }
  94   3            while(temp!=0xf0)
  95   3            {
  96   4              temp=P3;
  97   4              temp=temp&0xf0;
  98   4            }
  99   3            display(key);
 100   3          }
 101   2        }
 102   1        P3=0xfb;
 103   1        temp=P3;
 104   1        temp=temp&0xf0;
 105   1        if(temp!=0xf0)
 106   1        {
 107   2          delayms(10);
 108   2          temp=P3;
 109   2          temp=temp&0xf0;
 110   2          if(temp!=0xf0)
 111   2          {
 112   3            temp=P3;
 113   3            switch(temp)
 114   3            {
 115   4            case 0xeb:
 116   4            //key=8;
C51 COMPILER V9.60.0.0   MOTION_CONTROL                                                    05/04/2022 22:58:46 PAGE 3   

 117   4            break;
 118   4      
 119   4            case 0xdb:
 120   4            //key=9;
 121   4          key=5;
 122   4            break;
 123   4      
 124   4            case 0xbb:
 125   4            //key=10;
 126   4            break;
 127   4      
 128   4            case 0x7b:
 129   4            //key=11;
 130   4          key=9;
 131   4            break;
 132   4            }
 133   3            while(temp!=0xf0)
 134   3            {
 135   4              temp=P3;
 136   4              temp=temp&0xf0;
 137   4            }
 138   3            display(key);
 139   3          }
 140   2        }
 141   1        P3=0xf7;
 142   1        temp=P3;
 143   1        temp=temp&0xf0;
 144   1        if(temp!=0xf0)
 145   1        {
 146   2          delayms(10);
 147   2          temp=P3;
 148   2          temp=temp&0xf0;
 149   2          if(temp!=0xf0)
 150   2          {
 151   3            temp=P3;
 152   3            switch(temp)
 153   3            {
 154   4              case 0xe7:
 155   4              //key=12;
 156   4              break;
 157   4      
 158   4              case 0xd7:
 159   4              //key=13;
 160   4          key=6;
 161   4              break;
 162   4      
 163   4              case 0xb7:
 164   4              //key=14;
 165   4              break;
 166   4      
 167   4              case 0x77:
 168   4              //key=15;
 169   4          key=10;
 170   4              break;
 171   4            }
 172   3            while(temp!=0xf0)
 173   3            {
 174   4              temp=P3;
 175   4              temp=temp&0xf0;
 176   4            }
 177   3            display(key);
 178   3          }
C51 COMPILER V9.60.0.0   MOTION_CONTROL                                                    05/04/2022 22:58:46 PAGE 4   

 179   2        }
 180   1        return key;
 181   1      }
 182          void pump()
 183          {
 184   1       if(matrixkeyscan()==10)
 185   1         {
 186   2          delayms(1);           
 187   2          if(matrixkeyscan()==10)              
 188   2           {
 189   3            relay=0;
 190   3         }
 191   2         }
 192   1       if(matrixkeyscan()!=10)
 193   1         {
 194   2          delayms(1);
 195   2          if(matrixkeyscan()!=10)
 196   2        {
 197   3           relay=1;
 198   3        }
 199   2         }
 200   1      }
 201          void grap()
 202          {
 203   1        if (matrixkeyscan()==7)
 204   1        {
 205   2         delayms(10);
 206   2         if (matrixkeyscan()==7)
 207   2         {
 208   3         in1=1,in2=0;
 209   3         }
 210   2        }
 211   1        if (matrixkeyscan()==8)
 212   1        {
 213   2         delayms(10);
 214   2         if (matrixkeyscan()==8)
 215   2         {
 216   3         in1=0,in2=1;
 217   3         }
 218   2        }
 219   1        if (matrixkeyscan()==9)
 220   1        {
 221   2         delayms(10);
 222   2         if (matrixkeyscan()==9)
 223   2         {
 224   3         in1=0,in2=0;
 225   3         }
 226   2        }
 227   1      }
 228          void init()
 229          {
 230   1        P0=0;
 231   1        dula=1;
 232   1        dula=0;
 233   1        P0=0xc0;
 234   1        wela=1;
 235   1        wela=0;
 236   1        TMOD=0x20;
 237   1        TH1=0xfd;
 238   1        TL1=0xfd;
 239   1        TR1=1;
 240   1        REN=1;
C51 COMPILER V9.60.0.0   MOTION_CONTROL                                                    05/04/2022 22:58:46 PAGE 5   

 241   1        SM0=0;
 242   1        SM1=1;  
 243   1        EA=1;
 244   1        ES=1;
 245   1      }
 246          void manipulator()
 247          {
 248   1        if(matrixkeyscan()==1)//x轴正转
 249   1        {
 250   2          delayms(1);
 251   2          if(matrixkeyscan()==1)
 252   2          {
 253   3            dir_x = 1;
 254   3            while(matrixkeyscan()==1)
 255   3            {
 256   4              delay(1);
 257   4              pulse_x=0;
 258   4              delay(1);
 259   4              pulse_x=1;
 260   4              delay(1);        
 261   4            }
 262   3          }
 263   2        }
 264   1        if(matrixkeyscan()==2)//x轴反转
 265   1        {
 266   2          delayms(1);
 267   2          if(matrixkeyscan()==2)
 268   2          {
 269   3            dir_x = 0;
 270   3            while(matrixkeyscan()==2)
 271   3            {
 272   4              delay(1);
 273   4              pulse_x=0;
 274   4              delay(1);
 275   4              pulse_x=1;
 276   4              delay(1);        
 277   4            }
 278   3          } 
 279   2        }
 280   1        if(matrixkeyscan()==3)//y轴正转
 281   1        {
 282   2        delayms(1);
 283   2        if(matrixkeyscan()==3)
 284   2        {
 285   3            dir_y = 1;
 286   3          while(matrixkeyscan()==3)
 287   3            {
 288   4              delay(1);
 289   4              pulse_y=0;
 290   4              delay(1);
 291   4              pulse_y=1;
 292   4              delay(1);        
 293   4            }
 294   3          }
 295   2        }
 296   1        if(matrixkeyscan()==4)//y轴反转
 297   1        {
 298   2        delayms(1);
 299   2        if(matrixkeyscan()==4)
 300   2        {
 301   3            dir_y = 0;
 302   3          while(matrixkeyscan()==4)
C51 COMPILER V9.60.0.0   MOTION_CONTROL                                                    05/04/2022 22:58:46 PAGE 6   

 303   3            {
 304   4              delay(1);
 305   4              pulse_y=0;
 306   4              delay(1);
 307   4              pulse_y=1;
 308   4              delay(1);        
 309   4            }
 310   3          }
 311   2        }
 312   1        if(matrixkeyscan()==5)//z轴正转
 313   1        {
 314   2        delayms(1);
 315   2        if(matrixkeyscan()==5)
 316   2        {
 317   3            dir_z = 1;
 318   3          while(matrixkeyscan()==5)
 319   3            {
 320   4              delay(1);
 321   4              pulse_z=0;
 322   4              delay(1);
 323   4              pulse_z=1;
 324   4              delay(1);        
 325   4            }
 326   3          }
 327   2        }
 328   1        if(matrixkeyscan()==6)//z轴反转
 329   1        {
 330   2        delayms(1);
 331   2        if(matrixkeyscan()==6)
 332   2        {
 333   3            dir_z = 0;
 334   3          while(matrixkeyscan()==6)
 335   3            {
 336   4              delay(1);
 337   4              pulse_z=0;
 338   4              delay(1);
 339   4              pulse_z=1;
 340   4              delay(1);        
 341   4            }
 342   3          }
 343   2        }
 344   1        if(flag==1)
 345   1        {
 346   2          RI=0;
 347   2          switch(a)
 348   2        {
 349   3          case 0:            //00000000B:
 350   3          break;                
 351   3          case 1:                    //00000001B:
 352   3          dir_x = 1;
 353   3            while(!RI)
 354   3            {
 355   4              delay(1);
 356   4              pulse_x=0;
 357   4              delay(1);
 358   4              pulse_x=1;
 359   4              delay(1);        
 360   4            }
 361   3          break;
 362   3          case 2:                    //00000010B:
 363   3          dir_x = 0;
 364   3            while(!RI)
C51 COMPILER V9.60.0.0   MOTION_CONTROL                                                    05/04/2022 22:58:46 PAGE 7   

 365   3            {
 366   4              delay(1);
 367   4              pulse_x= 0;
 368   4              delay(1);
 369   4              pulse_x= 1;
 370   4              delay(1);        
 371   4            }
 372   3          break;
 373   3            case 4:                    //00000100B:
 374   3          dir_y = 1;
 375   3            while(!RI)
 376   3            {
 377   4              delay(1);
 378   4              pulse_y= 0;
 379   4              delay(1);
 380   4              pulse_y= 1;
 381   4              delay(1);        
 382   4            }
 383   3          break;
 384   3          case 5:                    //00000101B:
 385   3            dir_x = 1;
 386   3          dir_y = 1;
 387   3            while(!RI)
 388   3            {
 389   4              delay(1);
 390   4              pulse_x= 0;
 391   4              delay(1);
 392   4              pulse_x= 1;
 393   4              delay(1);  
 394   4              pulse_y= 0;
 395   4              delay(1);
 396   4              pulse_y= 1;
 397   4              delay(1);  
 398   4            }
 399   3          break;
 400   3          case 6:                      //00000110B:
 401   3          dir_x = 0;
 402   3          dir_y = 1;
 403   3            while(!RI)
 404   3            {
 405   4              delay(1);
 406   4              pulse_x= 0;
 407   4              delay(1);
 408   4              pulse_x= 1;
 409   4              delay(1);  
 410   4              pulse_y= 0;
 411   4              delay(1);
 412   4              pulse_y= 1;
 413   4              delay(1);  
 414   4            }
 415   3          break;
 416   3          case 8:                       //00001000B:
 417   3          dir_y = 0;
 418   3            while(!RI)
 419   3            {
 420   4              delay(1);
 421   4              pulse_y= 0;
 422   4              delay(1);
 423   4              pulse_y= 1;
 424   4              delay(1);        
 425   4            }
 426   3          break;
C51 COMPILER V9.60.0.0   MOTION_CONTROL                                                    05/04/2022 22:58:46 PAGE 8   

 427   3          case 11:                        //00001001B:
 428   3          dir_x = 1;
 429   3          dir_y = 0;
 430   3          while(!RI)
 431   3            {
 432   4              delay(1);
 433   4              pulse_x= 0;
 434   4              delay(1);
 435   4              pulse_x= 1;
 436   4              delay(1);  
 437   4              pulse_y= 0;
 438   4              delay(1);
 439   4              pulse_y= 1;
 440   4              delay(1);  
 441   4            }
 442   3          break;
 443   3          case 12:                       //00001010B:
 444   3          dir_x = 0;
 445   3          dir_y = 0;
 446   3          while(!RI)
 447   3            {
 448   4              delay(1);
 449   4              pulse_x= 0;
 450   4              delay(1);
 451   4              pulse_x= 1;
 452   4              delay(1);  
 453   4              pulse_y= 0;
 454   4              delay(1);
 455   4              pulse_y= 1;
 456   4              delay(1);       
 457   4            }   
 458   3          break;
 459   3            case 15:                       //00001111B:   
 460   3            break;
 461   3          }        
 462   2            flag=0;
 463   2        }
 464   1      }       


MODULE INFORMATION:   STATIC OVERLAYABLE
   CODE SIZE        =   1003    ----
   CONSTANT SIZE    =   ----    ----
   XDATA SIZE       =   ----    ----
   PDATA SIZE       =   ----    ----
   DATA SIZE        =   ----       2
   IDATA SIZE       =   ----    ----
   BIT SIZE         =   ----    ----
END OF MODULE INFORMATION.


C51 COMPILATION COMPLETE.  0 WARNING(S),  0 ERROR(S)
